-- Found ament_cmake: 1.3.10 (/opt/ros/humble/share/ament_cmake/cmake)
-- Found rclcpp: 16.0.10 (/opt/ros/humble/share/rclcpp/cmake)
-- Found rosidl_generator_c: 3.1.5 (/opt/ros/humble/share/rosidl_generator_c/cmake)
-- Found rosidl_adapter: 3.1.5 (/opt/ros/humble/share/rosidl_adapter/cmake)
-- Found rosidl_generator_cpp: 3.1.5 (/opt/ros/humble/share/rosidl_generator_cpp/cmake)
-- Using all available rosidl_typesupport_c: rosidl_typesupport_fastrtps_c;rosidl_typesupport_introspection_c
-- Using all available rosidl_typesupport_cpp: rosidl_typesupport_fastrtps_cpp;rosidl_typesupport_introspection_cpp
-- Found rmw_implementation_cmake: 6.1.2 (/opt/ros/humble/share/rmw_implementation_cmake/cmake)
-- Found rmw_fastrtps_cpp: 6.2.7 (/opt/ros/humble/share/rmw_fastrtps_cpp/cmake)
-- Found OpenSSL: /usr/lib/aarch64-linux-gnu/libcrypto.so (found version "3.0.2")  
-- Found FastRTPS: /opt/ros/humble/include  
-- Using RMW implementation 'rmw_fastrtps_cpp' as default
-- Looking for pthread.h
-- Looking for pthread.h - found
-- Performing Test CMAKE_HAVE_LIBC_PTHREAD
-- Performing Test CMAKE_HAVE_LIBC_PTHREAD - Success
-- Found Threads: TRUE  
-- Found usb_cam: 0.8.1 (/opt/ros/humble/share/usb_cam/cmake)
-- Found ament_lint_auto: 0.12.11 (/opt/ros/humble/share/ament_lint_auto/cmake)
-- Added test 'flake8' to check Python code syntax and style conventions
-- Added test 'lint_cmake' to check CMake code style
-- Added test 'pep257' to check Python code against some of the docstring style conventions in PEP 257
-- Added test 'xmllint' to check XML markup files
-- Configuring done
-- Generating done
-- Build files have been written to: /home/rose2025/ros2_ws/build/usb_camera_pkg
-- Install configuration: ""
-- Installing: /home/rose2025/ros2_ws/install/usb_camera_pkg/share/usb_camera_pkg/launch
-- Installing: /home/rose2025/ros2_ws/install/usb_camera_pkg/share/usb_camera_pkg/launch/usb_camera_launch.py
-- Up-to-date: /home/rose2025/ros2_ws/install/usb_camera_pkg/share/ament_index/resource_index/package_run_dependencies/usb_camera_pkg
-- Installing: /home/rose2025/ros2_ws/install/usb_camera_pkg/share/ament_index/resource_index/parent_prefix_path/usb_camera_pkg
-- Up-to-date: /home/rose2025/ros2_ws/install/usb_camera_pkg/share/usb_camera_pkg/environment/ament_prefix_path.sh
-- Installing: /home/rose2025/ros2_ws/install/usb_camera_pkg/share/usb_camera_pkg/environment/ament_prefix_path.dsv
-- Up-to-date: /home/rose2025/ros2_ws/install/usb_camera_pkg/share/usb_camera_pkg/environment/path.sh
-- Installing: /home/rose2025/ros2_ws/install/usb_camera_pkg/share/usb_camera_pkg/environment/path.dsv
-- Up-to-date: /home/rose2025/ros2_ws/install/usb_camera_pkg/share/usb_camera_pkg/local_setup.bash
-- Up-to-date: /home/rose2025/ros2_ws/install/usb_camera_pkg/share/usb_camera_pkg/local_setup.sh
-- Up-to-date: /home/rose2025/ros2_ws/install/usb_camera_pkg/share/usb_camera_pkg/local_setup.zsh
-- Installing: /home/rose2025/ros2_ws/install/usb_camera_pkg/share/usb_camera_pkg/local_setup.dsv
-- Installing: /home/rose2025/ros2_ws/install/usb_camera_pkg/share/usb_camera_pkg/package.dsv
-- Up-to-date: /home/rose2025/ros2_ws/install/usb_camera_pkg/share/ament_index/resource_index/packages/usb_camera_pkg
-- Up-to-date: /home/rose2025/ros2_ws/install/usb_camera_pkg/share/usb_camera_pkg/cmake/usb_camera_pkgConfig.cmake
-- Up-to-date: /home/rose2025/ros2_ws/install/usb_camera_pkg/share/usb_camera_pkg/cmake/usb_camera_pkgConfig-version.cmake
-- Up-to-date: /home/rose2025/ros2_ws/install/usb_camera_pkg/share/usb_camera_pkg/package.xml
