[0.062s] Invoking command in '/home/rose2025/ros2_ws/build/usb_camera_pkg': CMAKE_PREFIX_PATH=${CMAKE_PREFIX_PATH}:/opt/ros/humble /usr/bin/cmake --build /home/rose2025/ros2_ws/build/usb_camera_pkg -- -j4 -l4
[0.155s] -- Found ament_cmake: 1.3.10 (/opt/ros/humble/share/ament_cmake/cmake)
[0.758s] -- Found rclcpp: 16.0.10 (/opt/ros/humble/share/rclcpp/cmake)
[1.177s] -- Found rosidl_generator_c: 3.1.5 (/opt/ros/humble/share/rosidl_generator_c/cmake)
[1.230s] -- Found rosidl_adapter: 3.1.5 (/opt/ros/humble/share/rosidl_adapter/cmake)
[1.305s] -- Found rosidl_generator_cpp: 3.1.5 (/opt/ros/humble/share/rosidl_generator_cpp/cmake)
[1.402s] -- Using all available rosidl_typesupport_c: rosidl_typesupport_fastrtps_c;rosidl_typesupport_introspection_c
[1.530s] -- Using all available rosidl_typesupport_cpp: rosidl_typesupport_fastrtps_cpp;rosidl_typesupport_introspection_cpp
[1.894s] -- Found rmw_implementation_cmake: 6.1.2 (/opt/ros/humble/share/rmw_implementation_cmake/cmake)
[1.924s] -- Found rmw_fastrtps_cpp: 6.2.7 (/opt/ros/humble/share/rmw_fastrtps_cpp/cmake)
[2.565s] -- Found OpenSSL: /usr/lib/aarch64-linux-gnu/libcrypto.so (found version "3.0.2")  
[2.832s] -- Found FastRTPS: /opt/ros/humble/include  
[3.251s] -- Using RMW implementation 'rmw_fastrtps_cpp' as default
[3.337s] -- Looking for pthread.h
[3.718s] -- Looking for pthread.h - found
[3.720s] -- Performing Test CMAKE_HAVE_LIBC_PTHREAD
[4.086s] -- Performing Test CMAKE_HAVE_LIBC_PTHREAD - Success
[4.091s] -- Found Threads: TRUE  
[4.431s] -- Found usb_cam: 0.8.1 (/opt/ros/humble/share/usb_cam/cmake)
[5.484s] -- Found ament_lint_auto: 0.12.11 (/opt/ros/humble/share/ament_lint_auto/cmake)
[5.809s] -- Added test 'flake8' to check Python code syntax and style conventions
[5.811s] -- Added test 'lint_cmake' to check CMake code style
[5.813s] -- Added test 'pep257' to check Python code against some of the docstring style conventions in PEP 257
[5.821s] -- Added test 'xmllint' to check XML markup files
[5.825s] -- Configuring done
[5.869s] -- Generating done
[5.878s] -- Build files have been written to: /home/rose2025/ros2_ws/build/usb_camera_pkg
[5.983s] Invoked command in '/home/rose2025/ros2_ws/build/usb_camera_pkg' returned '0': CMAKE_PREFIX_PATH=${CMAKE_PREFIX_PATH}:/opt/ros/humble /usr/bin/cmake --build /home/rose2025/ros2_ws/build/usb_camera_pkg -- -j4 -l4
[6.135s] Invoking command in '/home/rose2025/ros2_ws/build/usb_camera_pkg': CMAKE_PREFIX_PATH=${CMAKE_PREFIX_PATH}:/opt/ros/humble /usr/bin/cmake --install /home/rose2025/ros2_ws/build/usb_camera_pkg
[6.164s] -- Install configuration: ""
[6.164s] -- Installing: /home/rose2025/ros2_ws/install/usb_camera_pkg/share/usb_camera_pkg/launch
[6.165s] -- Installing: /home/rose2025/ros2_ws/install/usb_camera_pkg/share/usb_camera_pkg/launch/usb_camera_launch.py
[6.167s] -- Up-to-date: /home/rose2025/ros2_ws/install/usb_camera_pkg/share/ament_index/resource_index/package_run_dependencies/usb_camera_pkg
[6.168s] -- Installing: /home/rose2025/ros2_ws/install/usb_camera_pkg/share/ament_index/resource_index/parent_prefix_path/usb_camera_pkg
[6.169s] -- Up-to-date: /home/rose2025/ros2_ws/install/usb_camera_pkg/share/usb_camera_pkg/environment/ament_prefix_path.sh
[6.170s] -- Installing: /home/rose2025/ros2_ws/install/usb_camera_pkg/share/usb_camera_pkg/environment/ament_prefix_path.dsv
[6.172s] -- Up-to-date: /home/rose2025/ros2_ws/install/usb_camera_pkg/share/usb_camera_pkg/environment/path.sh
[6.172s] -- Installing: /home/rose2025/ros2_ws/install/usb_camera_pkg/share/usb_camera_pkg/environment/path.dsv
[6.174s] -- Up-to-date: /home/rose2025/ros2_ws/install/usb_camera_pkg/share/usb_camera_pkg/local_setup.bash
[6.174s] -- Up-to-date: /home/rose2025/ros2_ws/install/usb_camera_pkg/share/usb_camera_pkg/local_setup.sh
[6.174s] -- Up-to-date: /home/rose2025/ros2_ws/install/usb_camera_pkg/share/usb_camera_pkg/local_setup.zsh
[6.175s] -- Installing: /home/rose2025/ros2_ws/install/usb_camera_pkg/share/usb_camera_pkg/local_setup.dsv
[6.176s] -- Installing: /home/rose2025/ros2_ws/install/usb_camera_pkg/share/usb_camera_pkg/package.dsv
[6.177s] -- Up-to-date: /home/rose2025/ros2_ws/install/usb_camera_pkg/share/ament_index/resource_index/packages/usb_camera_pkg
[6.178s] -- Up-to-date: /home/rose2025/ros2_ws/install/usb_camera_pkg/share/usb_camera_pkg/cmake/usb_camera_pkgConfig.cmake
[6.178s] -- Up-to-date: /home/rose2025/ros2_ws/install/usb_camera_pkg/share/usb_camera_pkg/cmake/usb_camera_pkgConfig-version.cmake
[6.178s] -- Up-to-date: /home/rose2025/ros2_ws/install/usb_camera_pkg/share/usb_camera_pkg/package.xml
[6.185s] Invoked command in '/home/rose2025/ros2_ws/build/usb_camera_pkg' returned '0': CMAKE_PREFIX_PATH=${CMAKE_PREFIX_PATH}:/opt/ros/humble /usr/bin/cmake --install /home/rose2025/ros2_ws/build/usb_camera_pkg
