[0.709s] DEBUG:colcon:Command line arguments: ['/usr/bin/colcon', 'build', '--packages-select', 'usb_camera_pkg']
[0.710s] DEBUG:colcon:Parsed command line arguments: Namespace(log_base=None, log_level=None, verb_name='build', build_base='build', install_base='install', merge_install=False, symlink_install=False, test_result_base=None, continue_on_error=False, executor='parallel', parallel_workers=4, event_handlers=None, ignore_user_meta=False, metas=['./colcon.meta'], base_paths=['.'], packages_ignore=None, packages_ignore_regex=None, paths=None, packages_up_to=None, packages_up_to_regex=None, packages_above=None, packages_above_and_dependencies=None, packages_above_depth=None, packages_select_by_dep=None, packages_skip_by_dep=None, packages_skip_up_to=None, packages_select_build_failed=False, packages_skip_build_finished=False, packages_select_test_failures=False, packages_skip_test_passed=False, packages_select=['usb_camera_pkg'], packages_skip=None, packages_select_regex=None, packages_skip_regex=None, packages_start=None, packages_end=None, allow_overriding=[], cmake_args=None, cmake_target=None, cmake_target_skip_unavailable=False, cmake_clean_cache=False, cmake_clean_first=False, cmake_force_configure=False, ament_cmake_args=None, catkin_cmake_args=None, catkin_skip_building_tests=False, mixin_files=None, mixin=None, verb_parser=<colcon_mixin.mixin.mixin_argument.MixinArgumentDecorator object at 0xffffaab6a410>, verb_extension=<colcon_core.verb.build.BuildVerb object at 0xffffaac82ad0>, main=<bound method BuildVerb.main of <colcon_core.verb.build.BuildVerb object at 0xffffaac82ad0>>, mixin_verb=('build',))
[1.541s] Level 1:colcon.colcon_core.package_discovery:discover_packages(colcon_meta) check parameters
[1.542s] Level 1:colcon.colcon_core.package_discovery:discover_packages(recursive) check parameters
[1.542s] Level 1:colcon.colcon_core.package_discovery:discover_packages(ignore) check parameters
[1.542s] Level 1:colcon.colcon_core.package_discovery:discover_packages(path) check parameters
[1.542s] Level 1:colcon.colcon_core.package_discovery:discover_packages(colcon_meta) discover
[1.542s] Level 1:colcon.colcon_core.package_discovery:discover_packages(recursive) discover
[1.543s] INFO:colcon.colcon_core.package_discovery:Crawling recursively for packages in '/home/rose2025/ros2_ws'
[1.543s] Level 1:colcon.colcon_core.package_identification:_identify(.) by extensions ['ignore', 'ignore_ament_install']
[1.543s] Level 1:colcon.colcon_core.package_identification:_identify(.) by extension 'ignore'
[1.544s] Level 1:colcon.colcon_core.package_identification:_identify(.) by extension 'ignore_ament_install'
[1.544s] Level 1:colcon.colcon_core.package_identification:_identify(.) by extensions ['colcon_pkg']
[1.544s] Level 1:colcon.colcon_core.package_identification:_identify(.) by extension 'colcon_pkg'
[1.544s] Level 1:colcon.colcon_core.package_identification:_identify(.) by extensions ['colcon_meta']
[1.544s] Level 1:colcon.colcon_core.package_identification:_identify(.) by extension 'colcon_meta'
[1.545s] Level 1:colcon.colcon_core.package_identification:_identify(.) by extensions ['ros']
[1.545s] Level 1:colcon.colcon_core.package_identification:_identify(.) by extension 'ros'
[1.594s] Level 1:colcon.colcon_core.package_identification:_identify(.) by extensions ['cmake', 'python']
[1.594s] Level 1:colcon.colcon_core.package_identification:_identify(.) by extension 'cmake'
[1.594s] Level 1:colcon.colcon_core.package_identification:_identify(.) by extension 'python'
[1.595s] Level 1:colcon.colcon_core.package_identification:_identify(.) by extensions ['python_setup_py']
[1.595s] Level 1:colcon.colcon_core.package_identification:_identify(.) by extension 'python_setup_py'
[1.595s] Level 1:colcon.colcon_core.package_identification:_identify(build) by extensions ['ignore', 'ignore_ament_install']
[1.596s] Level 1:colcon.colcon_core.package_identification:_identify(build) by extension 'ignore'
[1.596s] Level 1:colcon.colcon_core.package_identification:_identify(build) ignored
[1.597s] Level 1:colcon.colcon_core.package_identification:_identify(install) by extensions ['ignore', 'ignore_ament_install']
[1.597s] Level 1:colcon.colcon_core.package_identification:_identify(install) by extension 'ignore'
[1.597s] Level 1:colcon.colcon_core.package_identification:_identify(install) ignored
[1.598s] Level 1:colcon.colcon_core.package_identification:_identify(log) by extensions ['ignore', 'ignore_ament_install']
[1.598s] Level 1:colcon.colcon_core.package_identification:_identify(log) by extension 'ignore'
[1.598s] Level 1:colcon.colcon_core.package_identification:_identify(log) ignored
[1.598s] Level 1:colcon.colcon_core.package_identification:_identify(src) by extensions ['ignore', 'ignore_ament_install']
[1.599s] Level 1:colcon.colcon_core.package_identification:_identify(src) by extension 'ignore'
[1.599s] Level 1:colcon.colcon_core.package_identification:_identify(src) by extension 'ignore_ament_install'
[1.599s] Level 1:colcon.colcon_core.package_identification:_identify(src) by extensions ['colcon_pkg']
[1.599s] Level 1:colcon.colcon_core.package_identification:_identify(src) by extension 'colcon_pkg'
[1.599s] Level 1:colcon.colcon_core.package_identification:_identify(src) by extensions ['colcon_meta']
[1.599s] Level 1:colcon.colcon_core.package_identification:_identify(src) by extension 'colcon_meta'
[1.600s] Level 1:colcon.colcon_core.package_identification:_identify(src) by extensions ['ros']
[1.600s] Level 1:colcon.colcon_core.package_identification:_identify(src) by extension 'ros'
[1.600s] Level 1:colcon.colcon_core.package_identification:_identify(src) by extensions ['cmake', 'python']
[1.600s] Level 1:colcon.colcon_core.package_identification:_identify(src) by extension 'cmake'
[1.600s] Level 1:colcon.colcon_core.package_identification:_identify(src) by extension 'python'
[1.601s] Level 1:colcon.colcon_core.package_identification:_identify(src) by extensions ['python_setup_py']
[1.601s] Level 1:colcon.colcon_core.package_identification:_identify(src) by extension 'python_setup_py'
[1.601s] Level 1:colcon.colcon_core.package_identification:_identify(src/usb_camera_pkg) by extensions ['ignore', 'ignore_ament_install']
[1.601s] Level 1:colcon.colcon_core.package_identification:_identify(src/usb_camera_pkg) by extension 'ignore'
[1.602s] Level 1:colcon.colcon_core.package_identification:_identify(src/usb_camera_pkg) by extension 'ignore_ament_install'
[1.602s] Level 1:colcon.colcon_core.package_identification:_identify(src/usb_camera_pkg) by extensions ['colcon_pkg']
[1.602s] Level 1:colcon.colcon_core.package_identification:_identify(src/usb_camera_pkg) by extension 'colcon_pkg'
[1.602s] Level 1:colcon.colcon_core.package_identification:_identify(src/usb_camera_pkg) by extensions ['colcon_meta']
[1.603s] Level 1:colcon.colcon_core.package_identification:_identify(src/usb_camera_pkg) by extension 'colcon_meta'
[1.603s] Level 1:colcon.colcon_core.package_identification:_identify(src/usb_camera_pkg) by extensions ['ros']
[1.603s] Level 1:colcon.colcon_core.package_identification:_identify(src/usb_camera_pkg) by extension 'ros'
[1.614s] DEBUG:colcon.colcon_core.package_identification:Package 'src/usb_camera_pkg' with type 'ros.ament_cmake' and name 'usb_camera_pkg'
[1.615s] Level 1:colcon.colcon_core.package_discovery:discover_packages(recursive) using defaults
[1.615s] Level 1:colcon.colcon_core.package_discovery:discover_packages(ignore) discover
[1.615s] Level 1:colcon.colcon_core.package_discovery:discover_packages(ignore) using defaults
[1.615s] Level 1:colcon.colcon_core.package_discovery:discover_packages(path) discover
[1.615s] Level 1:colcon.colcon_core.package_discovery:discover_packages(path) using defaults
[1.814s] Level 1:colcon.colcon_core.package_discovery:discover_packages(prefix_path) check parameters
[1.815s] Level 1:colcon.colcon_core.package_discovery:discover_packages(prefix_path) discover
[1.840s] DEBUG:colcon.colcon_installed_package_information.package_discovery:Found 1 installed packages in /home/rose2025/ros2_ws/install
[1.853s] DEBUG:colcon.colcon_installed_package_information.package_discovery:Found 277 installed packages in /opt/ros/humble
[1.863s] Level 1:colcon.colcon_core.package_discovery:discover_packages(prefix_path) using defaults
[2.051s] Level 5:colcon.colcon_core.verb:set package 'usb_camera_pkg' build argument 'cmake_args' from command line to 'None'
[2.051s] Level 5:colcon.colcon_core.verb:set package 'usb_camera_pkg' build argument 'cmake_target' from command line to 'None'
[2.051s] Level 5:colcon.colcon_core.verb:set package 'usb_camera_pkg' build argument 'cmake_target_skip_unavailable' from command line to 'False'
[2.052s] Level 5:colcon.colcon_core.verb:set package 'usb_camera_pkg' build argument 'cmake_clean_cache' from command line to 'False'
[2.052s] Level 5:colcon.colcon_core.verb:set package 'usb_camera_pkg' build argument 'cmake_clean_first' from command line to 'False'
[2.052s] Level 5:colcon.colcon_core.verb:set package 'usb_camera_pkg' build argument 'cmake_force_configure' from command line to 'False'
[2.052s] Level 5:colcon.colcon_core.verb:set package 'usb_camera_pkg' build argument 'ament_cmake_args' from command line to 'None'
[2.052s] Level 5:colcon.colcon_core.verb:set package 'usb_camera_pkg' build argument 'catkin_cmake_args' from command line to 'None'
[2.052s] Level 5:colcon.colcon_core.verb:set package 'usb_camera_pkg' build argument 'catkin_skip_building_tests' from command line to 'False'
[2.052s] DEBUG:colcon.colcon_core.verb:Building package 'usb_camera_pkg' with the following arguments: {'ament_cmake_args': None, 'build_base': '/home/rose2025/ros2_ws/build/usb_camera_pkg', 'catkin_cmake_args': None, 'catkin_skip_building_tests': False, 'cmake_args': None, 'cmake_clean_cache': False, 'cmake_clean_first': False, 'cmake_force_configure': False, 'cmake_target': None, 'cmake_target_skip_unavailable': False, 'install_base': '/home/rose2025/ros2_ws/install/usb_camera_pkg', 'merge_install': False, 'path': '/home/rose2025/ros2_ws/src/usb_camera_pkg', 'symlink_install': False, 'test_result_base': None}
[2.053s] INFO:colcon.colcon_core.executor:Executing jobs using 'parallel' executor
[2.057s] DEBUG:colcon.colcon_parallel_executor.executor.parallel:run_until_complete
[2.058s] INFO:colcon.colcon_ros.task.ament_cmake.build:Building ROS package in '/home/rose2025/ros2_ws/src/usb_camera_pkg' with build type 'ament_cmake'
[2.058s] INFO:colcon.colcon_cmake.task.cmake.build:Building CMake package in '/home/rose2025/ros2_ws/src/usb_camera_pkg'
[2.067s] INFO:colcon.colcon_core.plugin_system:Skipping extension 'colcon_core.shell.bat': Not used on non-Windows systems
[2.068s] INFO:colcon.colcon_core.shell:Skip shell extension 'powershell' for command environment: Not usable outside of PowerShell
[2.068s] DEBUG:colcon.colcon_core.shell:Skip shell extension 'dsv' for command environment
[2.119s] DEBUG:colcon.colcon_core.event_handler.log_command:Invoking command in '/home/rose2025/ros2_ws/build/usb_camera_pkg': CMAKE_PREFIX_PATH=${CMAKE_PREFIX_PATH}:/opt/ros/humble /usr/bin/cmake --build /home/rose2025/ros2_ws/build/usb_camera_pkg -- -j4 -l4
[2.272s] DEBUG:colcon.colcon_core.event_handler.log_command:Invoked command in '/home/rose2025/ros2_ws/build/usb_camera_pkg' returned '0': CMAKE_PREFIX_PATH=${CMAKE_PREFIX_PATH}:/opt/ros/humble /usr/bin/cmake --build /home/rose2025/ros2_ws/build/usb_camera_pkg -- -j4 -l4
[2.430s] DEBUG:colcon.colcon_core.event_handler.log_command:Invoking command in '/home/rose2025/ros2_ws/build/usb_camera_pkg': CMAKE_PREFIX_PATH=${CMAKE_PREFIX_PATH}:/opt/ros/humble /usr/bin/cmake --install /home/rose2025/ros2_ws/build/usb_camera_pkg
[2.471s] Level 1:colcon.colcon_core.environment:create_environment_scripts_only(usb_camera_pkg)
[2.473s] DEBUG:colcon.colcon_core.event_handler.log_command:Invoked command in '/home/rose2025/ros2_ws/build/usb_camera_pkg' returned '0': CMAKE_PREFIX_PATH=${CMAKE_PREFIX_PATH}:/opt/ros/humble /usr/bin/cmake --install /home/rose2025/ros2_ws/build/usb_camera_pkg
[2.484s] Level 1:colcon.colcon_core.environment:checking '/home/rose2025/ros2_ws/install/usb_camera_pkg' for CMake module files
[2.488s] Level 1:colcon.colcon_core.environment:checking '/home/rose2025/ros2_ws/install/usb_camera_pkg' for CMake config files
[2.489s] Level 1:colcon.colcon_core.shell:create_environment_hook('usb_camera_pkg', 'cmake_prefix_path')
[2.491s] INFO:colcon.colcon_core.shell:Creating environment hook '/home/rose2025/ros2_ws/install/usb_camera_pkg/share/usb_camera_pkg/hook/cmake_prefix_path.ps1'
[2.494s] INFO:colcon.colcon_core.shell:Creating environment descriptor '/home/rose2025/ros2_ws/install/usb_camera_pkg/share/usb_camera_pkg/hook/cmake_prefix_path.dsv'
[2.497s] INFO:colcon.colcon_core.shell:Creating environment hook '/home/rose2025/ros2_ws/install/usb_camera_pkg/share/usb_camera_pkg/hook/cmake_prefix_path.sh'
[2.501s] Level 1:colcon.colcon_core.environment:checking '/home/rose2025/ros2_ws/install/usb_camera_pkg/bin'
[2.501s] Level 1:colcon.colcon_core.environment:checking '/home/rose2025/ros2_ws/install/usb_camera_pkg/lib/pkgconfig/usb_camera_pkg.pc'
[2.502s] Level 1:colcon.colcon_core.environment:checking '/home/rose2025/ros2_ws/install/usb_camera_pkg/lib/python3.10/site-packages'
[2.503s] Level 1:colcon.colcon_core.environment:checking '/home/rose2025/ros2_ws/install/usb_camera_pkg/bin'
[2.504s] INFO:colcon.colcon_core.shell:Creating package script '/home/rose2025/ros2_ws/install/usb_camera_pkg/share/usb_camera_pkg/package.ps1'
[2.507s] INFO:colcon.colcon_core.shell:Creating package descriptor '/home/rose2025/ros2_ws/install/usb_camera_pkg/share/usb_camera_pkg/package.dsv'
[2.510s] INFO:colcon.colcon_core.shell:Creating package script '/home/rose2025/ros2_ws/install/usb_camera_pkg/share/usb_camera_pkg/package.sh'
[2.513s] INFO:colcon.colcon_core.shell:Creating package script '/home/rose2025/ros2_ws/install/usb_camera_pkg/share/usb_camera_pkg/package.bash'
[2.517s] INFO:colcon.colcon_core.shell:Creating package script '/home/rose2025/ros2_ws/install/usb_camera_pkg/share/usb_camera_pkg/package.zsh'
[2.520s] Level 1:colcon.colcon_core.environment:create_file_with_runtime_dependencies(/home/rose2025/ros2_ws/install/usb_camera_pkg/share/colcon-core/packages/usb_camera_pkg)
[2.630s] Level 1:colcon.colcon_core.environment:create_environment_scripts_only(usb_camera_pkg)
[2.631s] Level 1:colcon.colcon_core.environment:checking '/home/rose2025/ros2_ws/install/usb_camera_pkg' for CMake module files
[2.633s] Level 1:colcon.colcon_core.environment:checking '/home/rose2025/ros2_ws/install/usb_camera_pkg' for CMake config files
[2.635s] Level 1:colcon.colcon_core.shell:create_environment_hook('usb_camera_pkg', 'cmake_prefix_path')
[2.635s] INFO:colcon.colcon_core.shell:Creating environment hook '/home/rose2025/ros2_ws/install/usb_camera_pkg/share/usb_camera_pkg/hook/cmake_prefix_path.ps1'
[2.637s] INFO:colcon.colcon_core.shell:Creating environment descriptor '/home/rose2025/ros2_ws/install/usb_camera_pkg/share/usb_camera_pkg/hook/cmake_prefix_path.dsv'
[2.640s] INFO:colcon.colcon_core.shell:Creating environment hook '/home/rose2025/ros2_ws/install/usb_camera_pkg/share/usb_camera_pkg/hook/cmake_prefix_path.sh'
[2.643s] Level 1:colcon.colcon_core.environment:checking '/home/rose2025/ros2_ws/install/usb_camera_pkg/bin'
[2.643s] Level 1:colcon.colcon_core.environment:checking '/home/rose2025/ros2_ws/install/usb_camera_pkg/lib/pkgconfig/usb_camera_pkg.pc'
[2.645s] Level 1:colcon.colcon_core.environment:checking '/home/rose2025/ros2_ws/install/usb_camera_pkg/lib/python3.10/site-packages'
[2.646s] Level 1:colcon.colcon_core.environment:checking '/home/rose2025/ros2_ws/install/usb_camera_pkg/bin'
[2.647s] INFO:colcon.colcon_core.shell:Creating package script '/home/rose2025/ros2_ws/install/usb_camera_pkg/share/usb_camera_pkg/package.ps1'
[2.650s] INFO:colcon.colcon_core.shell:Creating package descriptor '/home/rose2025/ros2_ws/install/usb_camera_pkg/share/usb_camera_pkg/package.dsv'
[2.653s] INFO:colcon.colcon_core.shell:Creating package script '/home/rose2025/ros2_ws/install/usb_camera_pkg/share/usb_camera_pkg/package.sh'
[2.655s] INFO:colcon.colcon_core.shell:Creating package script '/home/rose2025/ros2_ws/install/usb_camera_pkg/share/usb_camera_pkg/package.bash'
[2.657s] INFO:colcon.colcon_core.shell:Creating package script '/home/rose2025/ros2_ws/install/usb_camera_pkg/share/usb_camera_pkg/package.zsh'
[2.660s] Level 1:colcon.colcon_core.environment:create_file_with_runtime_dependencies(/home/rose2025/ros2_ws/install/usb_camera_pkg/share/colcon-core/packages/usb_camera_pkg)
[2.661s] DEBUG:colcon.colcon_parallel_executor.executor.parallel:closing loop
[2.663s] DEBUG:colcon.colcon_parallel_executor.executor.parallel:loop closed
[2.663s] DEBUG:colcon.colcon_parallel_executor.executor.parallel:run_until_complete finished with '0'
[2.663s] DEBUG:colcon.colcon_core.event_reactor:joining thread
[2.688s] INFO:colcon.colcon_core.plugin_system:Skipping extension 'colcon_notification.desktop_notification.terminal_notifier': Not used on non-Darwin systems
[2.689s] INFO:colcon.colcon_core.plugin_system:Skipping extension 'colcon_notification.desktop_notification.win32': Not used on non-Windows systems
[2.689s] INFO:colcon.colcon_notification.desktop_notification:Sending desktop notification using 'notify2'
[2.746s] DEBUG:colcon.colcon_core.event_reactor:joined thread
[2.748s] INFO:colcon.colcon_core.shell:Creating prefix script '/home/rose2025/ros2_ws/install/local_setup.ps1'
[2.754s] INFO:colcon.colcon_core.shell:Creating prefix util module '/home/rose2025/ros2_ws/install/_local_setup_util_ps1.py'
[2.766s] INFO:colcon.colcon_core.shell:Creating prefix chain script '/home/rose2025/ros2_ws/install/setup.ps1'
[2.776s] INFO:colcon.colcon_core.shell:Creating prefix script '/home/rose2025/ros2_ws/install/local_setup.sh'
[2.781s] INFO:colcon.colcon_core.shell:Creating prefix util module '/home/rose2025/ros2_ws/install/_local_setup_util_sh.py'
[2.785s] INFO:colcon.colcon_core.shell:Creating prefix chain script '/home/rose2025/ros2_ws/install/setup.sh'
[2.792s] INFO:colcon.colcon_core.shell:Creating prefix script '/home/rose2025/ros2_ws/install/local_setup.bash'
[2.795s] INFO:colcon.colcon_core.shell:Creating prefix chain script '/home/rose2025/ros2_ws/install/setup.bash'
[2.801s] INFO:colcon.colcon_core.shell:Creating prefix script '/home/rose2025/ros2_ws/install/local_setup.zsh'
[2.803s] INFO:colcon.colcon_core.shell:Creating prefix chain script '/home/rose2025/ros2_ws/install/setup.zsh'
