[0.202s] Invoking command in '/home/rose2025/ros2_ws/build/usb_camera_pkg': CMAKE_PREFIX_PATH=/opt/ros/humble /usr/bin/cmake /home/rose2025/ros2_ws/src/usb_camera_pkg -DCMAKE_INSTALL_PREFIX=/home/rose2025/ros2_ws/install/usb_camera_pkg
[1.171s] -- The C compiler identification is GNU 11.4.0
[1.926s] -- The CXX compiler identification is GNU 11.4.0
[1.977s] -- Detecting C compiler ABI info
[2.344s] -- Detecting C compiler ABI info - done
[2.376s] -- Check for working C compiler: /usr/bin/cc - skipped
[2.380s] -- Detecting C compile features
[2.383s] -- Detecting C compile features - done
[2.398s] -- Detecting CXX compiler ABI info
[2.776s] -- Detecting CXX compiler ABI info - done
[2.804s] -- Check for working CXX compiler: /usr/bin/c++ - skipped
[2.804s] -- Detecting CXX compile features
[2.806s] -- Detecting CXX compile features - done
[2.850s] -- Found ament_cmake: 1.3.10 (/opt/ros/humble/share/ament_cmake/cmake)
[3.642s] -- Found Python3: /usr/bin/python3 (found version "3.10.12") found components: Interpreter 
[4.277s] -- Found ament_lint_auto: 0.12.11 (/opt/ros/humble/share/ament_lint_auto/cmake)
[4.739s] -- Added test 'flake8' to check Python code syntax and style conventions
[4.742s] -- Added test 'lint_cmake' to check CMake code style
[4.746s] -- Added test 'pep257' to check Python code against some of the docstring style conventions in PEP 257
[4.755s] -- Added test 'xmllint' to check XML markup files
[4.764s] -- Configuring done
[4.786s] -- Generating done
[4.791s] -- Build files have been written to: /home/rose2025/ros2_ws/build/usb_camera_pkg
[4.806s] Invoked command in '/home/rose2025/ros2_ws/build/usb_camera_pkg' returned '0': CMAKE_PREFIX_PATH=/opt/ros/humble /usr/bin/cmake /home/rose2025/ros2_ws/src/usb_camera_pkg -DCMAKE_INSTALL_PREFIX=/home/rose2025/ros2_ws/install/usb_camera_pkg
[4.816s] Invoking command in '/home/rose2025/ros2_ws/build/usb_camera_pkg': CMAKE_PREFIX_PATH=/opt/ros/humble /usr/bin/cmake --build /home/rose2025/ros2_ws/build/usb_camera_pkg -- -j4 -l4
[4.964s] Invoked command in '/home/rose2025/ros2_ws/build/usb_camera_pkg' returned '0': CMAKE_PREFIX_PATH=/opt/ros/humble /usr/bin/cmake --build /home/rose2025/ros2_ws/build/usb_camera_pkg -- -j4 -l4
[5.117s] Invoking command in '/home/rose2025/ros2_ws/build/usb_camera_pkg': CMAKE_PREFIX_PATH=/opt/ros/humble /usr/bin/cmake --install /home/rose2025/ros2_ws/build/usb_camera_pkg
[5.145s] -- Install configuration: ""
[5.148s] -- Installing: /home/rose2025/ros2_ws/install/usb_camera_pkg/share/ament_index/resource_index/package_run_dependencies/usb_camera_pkg
[5.149s] -- Installing: /home/rose2025/ros2_ws/install/usb_camera_pkg/share/ament_index/resource_index/parent_prefix_path/usb_camera_pkg
[5.150s] -- Installing: /home/rose2025/ros2_ws/install/usb_camera_pkg/share/usb_camera_pkg/environment/ament_prefix_path.sh
[5.152s] -- Installing: /home/rose2025/ros2_ws/install/usb_camera_pkg/share/usb_camera_pkg/environment/ament_prefix_path.dsv
[5.153s] -- Installing: /home/rose2025/ros2_ws/install/usb_camera_pkg/share/usb_camera_pkg/environment/path.sh
[5.155s] -- Installing: /home/rose2025/ros2_ws/install/usb_camera_pkg/share/usb_camera_pkg/environment/path.dsv
[5.156s] -- Installing: /home/rose2025/ros2_ws/install/usb_camera_pkg/share/usb_camera_pkg/local_setup.bash
[5.158s] -- Installing: /home/rose2025/ros2_ws/install/usb_camera_pkg/share/usb_camera_pkg/local_setup.sh
[5.159s] -- Installing: /home/rose2025/ros2_ws/install/usb_camera_pkg/share/usb_camera_pkg/local_setup.zsh
[5.160s] -- Installing: /home/rose2025/ros2_ws/install/usb_camera_pkg/share/usb_camera_pkg/local_setup.dsv
[5.161s] -- Installing: /home/rose2025/ros2_ws/install/usb_camera_pkg/share/usb_camera_pkg/package.dsv
[5.163s] -- Installing: /home/rose2025/ros2_ws/install/usb_camera_pkg/share/ament_index/resource_index/packages/usb_camera_pkg
[5.165s] -- Installing: /home/rose2025/ros2_ws/install/usb_camera_pkg/share/usb_camera_pkg/cmake/usb_camera_pkgConfig.cmake
[5.166s] -- Installing: /home/rose2025/ros2_ws/install/usb_camera_pkg/share/usb_camera_pkg/cmake/usb_camera_pkgConfig-version.cmake
[5.167s] -- Installing: /home/rose2025/ros2_ws/install/usb_camera_pkg/share/usb_camera_pkg/package.xml
[5.174s] Invoked command in '/home/rose2025/ros2_ws/build/usb_camera_pkg' returned '0': CMAKE_PREFIX_PATH=/opt/ros/humble /usr/bin/cmake --install /home/rose2025/ros2_ws/build/usb_camera_pkg
