[0.057s] Invoking command in '/home/rose2025/ros2_ws/build/usb_camera_pkg': CMAKE_PREFIX_PATH=${CMAKE_PREFIX_PATH}:/opt/ros/humble /usr/bin/cmake --build /home/rose2025/ros2_ws/build/usb_camera_pkg -- -j4 -l4
[0.213s] Invoked command in '/home/rose2025/ros2_ws/build/usb_camera_pkg' returned '0': CMAKE_PREFIX_PATH=${CMAKE_PREFIX_PATH}:/opt/ros/humble /usr/bin/cmake --build /home/rose2025/ros2_ws/build/usb_camera_pkg -- -j4 -l4
[0.370s] Invoking command in '/home/rose2025/ros2_ws/build/usb_camera_pkg': CMAKE_PREFIX_PATH=${CMAKE_PREFIX_PATH}:/opt/ros/humble /usr/bin/cmake --install /home/rose2025/ros2_ws/build/usb_camera_pkg
[0.401s] -- Install configuration: ""
[0.402s] -- Up-to-date: /home/rose2025/ros2_ws/install/usb_camera_pkg/share/ament_index/resource_index/package_run_dependencies/usb_camera_pkg
[0.402s] -- Up-to-date: /home/rose2025/ros2_ws/install/usb_camera_pkg/share/ament_index/resource_index/parent_prefix_path/usb_camera_pkg
[0.403s] -- Up-to-date: /home/rose2025/ros2_ws/install/usb_camera_pkg/share/usb_camera_pkg/environment/ament_prefix_path.sh
[0.403s] -- Up-to-date: /home/rose2025/ros2_ws/install/usb_camera_pkg/share/usb_camera_pkg/environment/ament_prefix_path.dsv
[0.403s] -- Up-to-date: /home/rose2025/ros2_ws/install/usb_camera_pkg/share/usb_camera_pkg/environment/path.sh
[0.404s] -- Up-to-date: /home/rose2025/ros2_ws/install/usb_camera_pkg/share/usb_camera_pkg/environment/path.dsv
[0.404s] -- Up-to-date: /home/rose2025/ros2_ws/install/usb_camera_pkg/share/usb_camera_pkg/local_setup.bash
[0.405s] -- Up-to-date: /home/rose2025/ros2_ws/install/usb_camera_pkg/share/usb_camera_pkg/local_setup.sh
[0.405s] -- Up-to-date: /home/rose2025/ros2_ws/install/usb_camera_pkg/share/usb_camera_pkg/local_setup.zsh
[0.405s] -- Up-to-date: /home/rose2025/ros2_ws/install/usb_camera_pkg/share/usb_camera_pkg/local_setup.dsv
[0.406s] -- Up-to-date: /home/rose2025/ros2_ws/install/usb_camera_pkg/share/usb_camera_pkg/package.dsv
[0.406s] -- Up-to-date: /home/rose2025/ros2_ws/install/usb_camera_pkg/share/ament_index/resource_index/packages/usb_camera_pkg
[0.407s] -- Up-to-date: /home/rose2025/ros2_ws/install/usb_camera_pkg/share/usb_camera_pkg/cmake/usb_camera_pkgConfig.cmake
[0.407s] -- Up-to-date: /home/rose2025/ros2_ws/install/usb_camera_pkg/share/usb_camera_pkg/cmake/usb_camera_pkgConfig-version.cmake
[0.407s] -- Up-to-date: /home/rose2025/ros2_ws/install/usb_camera_pkg/share/usb_camera_pkg/package.xml
[0.414s] Invoked command in '/home/rose2025/ros2_ws/build/usb_camera_pkg' returned '0': CMAKE_PREFIX_PATH=${CMAKE_PREFIX_PATH}:/opt/ros/humble /usr/bin/cmake --install /home/rose2025/ros2_ws/build/usb_camera_pkg
