[0.083s] Invoking command in '/home/rose2025/ros2_ws/build/usb_camera_pkg': CMAKE_PREFIX_PATH=${CMAKE_PREFIX_PATH}:/opt/ros/humble /usr/bin/cmake --build /home/rose2025/ros2_ws/build/usb_camera_pkg -- -j4 -l4
[0.529s] Invoked command in '/home/rose2025/ros2_ws/build/usb_camera_pkg' returned '0': CMAKE_PREFIX_PATH=${CMAKE_PREFIX_PATH}:/opt/ros/humble /usr/bin/cmake --build /home/rose2025/ros2_ws/build/usb_camera_pkg -- -j4 -l4
[0.687s] Invoking command in '/home/rose2025/ros2_ws/build/usb_camera_pkg': CMAKE_PREFIX_PATH=${CMAKE_PREFIX_PATH}:/opt/ros/humble /usr/bin/cmake --install /home/rose2025/ros2_ws/build/usb_camera_pkg
[0.718s] -- Install configuration: ""
[0.720s] -- Up-to-date: /home/rose2025/ros2_ws/install/usb_camera_pkg/share/usb_camera_pkg/launch
[0.720s] -- Installing: /home/rose2025/ros2_ws/install/usb_camera_pkg/share/usb_camera_pkg/launch/usb_camera_launch.py
[0.722s] -- Up-to-date: /home/rose2025/ros2_ws/install/usb_camera_pkg/share/ament_index/resource_index/package_run_dependencies/usb_camera_pkg
[0.723s] -- Up-to-date: /home/rose2025/ros2_ws/install/usb_camera_pkg/share/ament_index/resource_index/parent_prefix_path/usb_camera_pkg
[0.724s] -- Up-to-date: /home/rose2025/ros2_ws/install/usb_camera_pkg/share/usb_camera_pkg/environment/ament_prefix_path.sh
[0.724s] -- Up-to-date: /home/rose2025/ros2_ws/install/usb_camera_pkg/share/usb_camera_pkg/environment/ament_prefix_path.dsv
[0.725s] -- Up-to-date: /home/rose2025/ros2_ws/install/usb_camera_pkg/share/usb_camera_pkg/environment/path.sh
[0.726s] -- Up-to-date: /home/rose2025/ros2_ws/install/usb_camera_pkg/share/usb_camera_pkg/environment/path.dsv
[0.726s] -- Up-to-date: /home/rose2025/ros2_ws/install/usb_camera_pkg/share/usb_camera_pkg/local_setup.bash
[0.727s] -- Up-to-date: /home/rose2025/ros2_ws/install/usb_camera_pkg/share/usb_camera_pkg/local_setup.sh
[0.728s] -- Up-to-date: /home/rose2025/ros2_ws/install/usb_camera_pkg/share/usb_camera_pkg/local_setup.zsh
[0.728s] -- Up-to-date: /home/rose2025/ros2_ws/install/usb_camera_pkg/share/usb_camera_pkg/local_setup.dsv
[0.729s] -- Installing: /home/rose2025/ros2_ws/install/usb_camera_pkg/share/usb_camera_pkg/package.dsv
[0.732s] -- Up-to-date: /home/rose2025/ros2_ws/install/usb_camera_pkg/share/ament_index/resource_index/packages/usb_camera_pkg
[0.733s] -- Up-to-date: /home/rose2025/ros2_ws/install/usb_camera_pkg/share/usb_camera_pkg/cmake/usb_camera_pkgConfig.cmake
[0.734s] -- Up-to-date: /home/rose2025/ros2_ws/install/usb_camera_pkg/share/usb_camera_pkg/cmake/usb_camera_pkgConfig-version.cmake
[0.735s] -- Up-to-date: /home/rose2025/ros2_ws/install/usb_camera_pkg/share/usb_camera_pkg/package.xml
[0.748s] Invoked command in '/home/rose2025/ros2_ws/build/usb_camera_pkg' returned '0': CMAKE_PREFIX_PATH=${CMAKE_PREFIX_PATH}:/opt/ros/humble /usr/bin/cmake --install /home/rose2025/ros2_ws/build/usb_camera_pkg
