[0.689s] DEBUG:colcon:Command line arguments: ['/usr/bin/colcon', 'build', '--packages-select', 'usb_camera_pkg']
[0.689s] DEBUG:colcon:Parsed command line arguments: Namespace(log_base=None, log_level=None, verb_name='build', build_base='build', install_base='install', merge_install=False, symlink_install=False, test_result_base=None, continue_on_error=False, executor='parallel', parallel_workers=4, event_handlers=None, ignore_user_meta=False, metas=['./colcon.meta'], base_paths=['.'], packages_ignore=None, packages_ignore_regex=None, paths=None, packages_up_to=None, packages_up_to_regex=None, packages_above=None, packages_above_and_dependencies=None, packages_above_depth=None, packages_select_by_dep=None, packages_skip_by_dep=None, packages_skip_up_to=None, packages_select_build_failed=False, packages_skip_build_finished=False, packages_select_test_failures=False, packages_skip_test_passed=False, packages_select=['usb_camera_pkg'], packages_skip=None, packages_select_regex=None, packages_skip_regex=None, packages_start=None, packages_end=None, allow_overriding=[], cmake_args=None, cmake_target=None, cmake_target_skip_unavailable=False, cmake_clean_cache=False, cmake_clean_first=False, cmake_force_configure=False, ament_cmake_args=None, catkin_cmake_args=None, catkin_skip_building_tests=False, mixin_files=None, mixin=None, verb_parser=<colcon_mixin.mixin.mixin_argument.MixinArgumentDecorator object at 0xffff915da410>, verb_extension=<colcon_core.verb.build.BuildVerb object at 0xffff916f6ad0>, main=<bound method BuildVerb.main of <colcon_core.verb.build.BuildVerb object at 0xffff916f6ad0>>, mixin_verb=('build',))
[1.910s] Level 1:colcon.colcon_core.package_discovery:discover_packages(colcon_meta) check parameters
[1.911s] Level 1:colcon.colcon_core.package_discovery:discover_packages(recursive) check parameters
[1.911s] Level 1:colcon.colcon_core.package_discovery:discover_packages(ignore) check parameters
[1.911s] Level 1:colcon.colcon_core.package_discovery:discover_packages(path) check parameters
[1.911s] Level 1:colcon.colcon_core.package_discovery:discover_packages(colcon_meta) discover
[1.912s] Level 1:colcon.colcon_core.package_discovery:discover_packages(recursive) discover
[1.912s] INFO:colcon.colcon_core.package_discovery:Crawling recursively for packages in '/home/rose2025/ros2_ws'
[1.912s] Level 1:colcon.colcon_core.package_identification:_identify(.) by extensions ['ignore', 'ignore_ament_install']
[1.913s] Level 1:colcon.colcon_core.package_identification:_identify(.) by extension 'ignore'
[1.913s] Level 1:colcon.colcon_core.package_identification:_identify(.) by extension 'ignore_ament_install'
[1.913s] Level 1:colcon.colcon_core.package_identification:_identify(.) by extensions ['colcon_pkg']
[1.913s] Level 1:colcon.colcon_core.package_identification:_identify(.) by extension 'colcon_pkg'
[1.914s] Level 1:colcon.colcon_core.package_identification:_identify(.) by extensions ['colcon_meta']
[1.914s] Level 1:colcon.colcon_core.package_identification:_identify(.) by extension 'colcon_meta'
[1.914s] Level 1:colcon.colcon_core.package_identification:_identify(.) by extensions ['ros']
[1.914s] Level 1:colcon.colcon_core.package_identification:_identify(.) by extension 'ros'
[1.966s] Level 1:colcon.colcon_core.package_identification:_identify(.) by extensions ['cmake', 'python']
[1.967s] Level 1:colcon.colcon_core.package_identification:_identify(.) by extension 'cmake'
[1.967s] Level 1:colcon.colcon_core.package_identification:_identify(.) by extension 'python'
[1.967s] Level 1:colcon.colcon_core.package_identification:_identify(.) by extensions ['python_setup_py']
[1.967s] Level 1:colcon.colcon_core.package_identification:_identify(.) by extension 'python_setup_py'
[1.968s] Level 1:colcon.colcon_core.package_identification:_identify(build) by extensions ['ignore', 'ignore_ament_install']
[1.968s] Level 1:colcon.colcon_core.package_identification:_identify(build) by extension 'ignore'
[1.968s] Level 1:colcon.colcon_core.package_identification:_identify(build) ignored
[1.969s] Level 1:colcon.colcon_core.package_identification:_identify(install) by extensions ['ignore', 'ignore_ament_install']
[1.969s] Level 1:colcon.colcon_core.package_identification:_identify(install) by extension 'ignore'
[1.969s] Level 1:colcon.colcon_core.package_identification:_identify(install) ignored
[1.970s] Level 1:colcon.colcon_core.package_identification:_identify(log) by extensions ['ignore', 'ignore_ament_install']
[1.970s] Level 1:colcon.colcon_core.package_identification:_identify(log) by extension 'ignore'
[1.970s] Level 1:colcon.colcon_core.package_identification:_identify(log) ignored
[1.971s] Level 1:colcon.colcon_core.package_identification:_identify(src) by extensions ['ignore', 'ignore_ament_install']
[1.971s] Level 1:colcon.colcon_core.package_identification:_identify(src) by extension 'ignore'
[1.971s] Level 1:colcon.colcon_core.package_identification:_identify(src) by extension 'ignore_ament_install'
[1.972s] Level 1:colcon.colcon_core.package_identification:_identify(src) by extensions ['colcon_pkg']
[1.972s] Level 1:colcon.colcon_core.package_identification:_identify(src) by extension 'colcon_pkg'
[1.972s] Level 1:colcon.colcon_core.package_identification:_identify(src) by extensions ['colcon_meta']
[1.972s] Level 1:colcon.colcon_core.package_identification:_identify(src) by extension 'colcon_meta'
[1.972s] Level 1:colcon.colcon_core.package_identification:_identify(src) by extensions ['ros']
[1.972s] Level 1:colcon.colcon_core.package_identification:_identify(src) by extension 'ros'
[1.973s] Level 1:colcon.colcon_core.package_identification:_identify(src) by extensions ['cmake', 'python']
[1.973s] Level 1:colcon.colcon_core.package_identification:_identify(src) by extension 'cmake'
[1.973s] Level 1:colcon.colcon_core.package_identification:_identify(src) by extension 'python'
[1.973s] Level 1:colcon.colcon_core.package_identification:_identify(src) by extensions ['python_setup_py']
[1.973s] Level 1:colcon.colcon_core.package_identification:_identify(src) by extension 'python_setup_py'
[1.974s] Level 1:colcon.colcon_core.package_identification:_identify(src/usb_camera_pkg) by extensions ['ignore', 'ignore_ament_install']
[1.974s] Level 1:colcon.colcon_core.package_identification:_identify(src/usb_camera_pkg) by extension 'ignore'
[1.974s] Level 1:colcon.colcon_core.package_identification:_identify(src/usb_camera_pkg) by extension 'ignore_ament_install'
[1.974s] Level 1:colcon.colcon_core.package_identification:_identify(src/usb_camera_pkg) by extensions ['colcon_pkg']
[1.974s] Level 1:colcon.colcon_core.package_identification:_identify(src/usb_camera_pkg) by extension 'colcon_pkg'
[1.975s] Level 1:colcon.colcon_core.package_identification:_identify(src/usb_camera_pkg) by extensions ['colcon_meta']
[1.975s] Level 1:colcon.colcon_core.package_identification:_identify(src/usb_camera_pkg) by extension 'colcon_meta'
[1.975s] Level 1:colcon.colcon_core.package_identification:_identify(src/usb_camera_pkg) by extensions ['ros']
[1.975s] Level 1:colcon.colcon_core.package_identification:_identify(src/usb_camera_pkg) by extension 'ros'
[1.989s] DEBUG:colcon.colcon_core.package_identification:Package 'src/usb_camera_pkg' with type 'ros.ament_cmake' and name 'usb_camera_pkg'
[1.990s] Level 1:colcon.colcon_core.package_discovery:discover_packages(recursive) using defaults
[1.990s] Level 1:colcon.colcon_core.package_discovery:discover_packages(ignore) discover
[1.990s] Level 1:colcon.colcon_core.package_discovery:discover_packages(ignore) using defaults
[1.990s] Level 1:colcon.colcon_core.package_discovery:discover_packages(path) discover
[1.990s] Level 1:colcon.colcon_core.package_discovery:discover_packages(path) using defaults
[2.167s] Level 1:colcon.colcon_core.package_discovery:discover_packages(prefix_path) check parameters
[2.167s] Level 1:colcon.colcon_core.package_discovery:discover_packages(prefix_path) discover
[2.181s] DEBUG:colcon.colcon_installed_package_information.package_discovery:Found 1 installed packages in /home/rose2025/ros2_ws/install
[2.192s] DEBUG:colcon.colcon_installed_package_information.package_discovery:Found 277 installed packages in /opt/ros/humble
[2.199s] Level 1:colcon.colcon_core.package_discovery:discover_packages(prefix_path) using defaults
[2.372s] Level 5:colcon.colcon_core.verb:set package 'usb_camera_pkg' build argument 'cmake_args' from command line to 'None'
[2.372s] Level 5:colcon.colcon_core.verb:set package 'usb_camera_pkg' build argument 'cmake_target' from command line to 'None'
[2.372s] Level 5:colcon.colcon_core.verb:set package 'usb_camera_pkg' build argument 'cmake_target_skip_unavailable' from command line to 'False'
[2.372s] Level 5:colcon.colcon_core.verb:set package 'usb_camera_pkg' build argument 'cmake_clean_cache' from command line to 'False'
[2.373s] Level 5:colcon.colcon_core.verb:set package 'usb_camera_pkg' build argument 'cmake_clean_first' from command line to 'False'
[2.373s] Level 5:colcon.colcon_core.verb:set package 'usb_camera_pkg' build argument 'cmake_force_configure' from command line to 'False'
[2.373s] Level 5:colcon.colcon_core.verb:set package 'usb_camera_pkg' build argument 'ament_cmake_args' from command line to 'None'
[2.373s] Level 5:colcon.colcon_core.verb:set package 'usb_camera_pkg' build argument 'catkin_cmake_args' from command line to 'None'
[2.373s] Level 5:colcon.colcon_core.verb:set package 'usb_camera_pkg' build argument 'catkin_skip_building_tests' from command line to 'False'
[2.373s] DEBUG:colcon.colcon_core.verb:Building package 'usb_camera_pkg' with the following arguments: {'ament_cmake_args': None, 'build_base': '/home/rose2025/ros2_ws/build/usb_camera_pkg', 'catkin_cmake_args': None, 'catkin_skip_building_tests': False, 'cmake_args': None, 'cmake_clean_cache': False, 'cmake_clean_first': False, 'cmake_force_configure': False, 'cmake_target': None, 'cmake_target_skip_unavailable': False, 'install_base': '/home/rose2025/ros2_ws/install/usb_camera_pkg', 'merge_install': False, 'path': '/home/rose2025/ros2_ws/src/usb_camera_pkg', 'symlink_install': False, 'test_result_base': None}
[2.374s] INFO:colcon.colcon_core.executor:Executing jobs using 'parallel' executor
[2.377s] DEBUG:colcon.colcon_parallel_executor.executor.parallel:run_until_complete
[2.378s] INFO:colcon.colcon_ros.task.ament_cmake.build:Building ROS package in '/home/rose2025/ros2_ws/src/usb_camera_pkg' with build type 'ament_cmake'
[2.378s] INFO:colcon.colcon_cmake.task.cmake.build:Building CMake package in '/home/rose2025/ros2_ws/src/usb_camera_pkg'
[2.404s] INFO:colcon.colcon_core.plugin_system:Skipping extension 'colcon_core.shell.bat': Not used on non-Windows systems
[2.405s] INFO:colcon.colcon_core.shell:Skip shell extension 'powershell' for command environment: Not usable outside of PowerShell
[2.405s] DEBUG:colcon.colcon_core.shell:Skip shell extension 'dsv' for command environment
[2.464s] DEBUG:colcon.colcon_core.event_handler.log_command:Invoking command in '/home/rose2025/ros2_ws/build/usb_camera_pkg': CMAKE_PREFIX_PATH=${CMAKE_PREFIX_PATH}:/opt/ros/humble /usr/bin/cmake --build /home/rose2025/ros2_ws/build/usb_camera_pkg -- -j4 -l4
[2.909s] DEBUG:colcon.colcon_core.event_handler.log_command:Invoked command in '/home/rose2025/ros2_ws/build/usb_camera_pkg' returned '0': CMAKE_PREFIX_PATH=${CMAKE_PREFIX_PATH}:/opt/ros/humble /usr/bin/cmake --build /home/rose2025/ros2_ws/build/usb_camera_pkg -- -j4 -l4
[3.067s] DEBUG:colcon.colcon_core.event_handler.log_command:Invoking command in '/home/rose2025/ros2_ws/build/usb_camera_pkg': CMAKE_PREFIX_PATH=${CMAKE_PREFIX_PATH}:/opt/ros/humble /usr/bin/cmake --install /home/rose2025/ros2_ws/build/usb_camera_pkg
[3.126s] Level 1:colcon.colcon_core.environment:create_environment_scripts_only(usb_camera_pkg)
[3.128s] DEBUG:colcon.colcon_core.event_handler.log_command:Invoked command in '/home/rose2025/ros2_ws/build/usb_camera_pkg' returned '0': CMAKE_PREFIX_PATH=${CMAKE_PREFIX_PATH}:/opt/ros/humble /usr/bin/cmake --install /home/rose2025/ros2_ws/build/usb_camera_pkg
[3.153s] Level 1:colcon.colcon_core.environment:checking '/home/rose2025/ros2_ws/install/usb_camera_pkg' for CMake module files
[3.157s] Level 1:colcon.colcon_core.environment:checking '/home/rose2025/ros2_ws/install/usb_camera_pkg' for CMake config files
[3.159s] Level 1:colcon.colcon_core.shell:create_environment_hook('usb_camera_pkg', 'cmake_prefix_path')
[3.160s] INFO:colcon.colcon_core.shell:Creating environment hook '/home/rose2025/ros2_ws/install/usb_camera_pkg/share/usb_camera_pkg/hook/cmake_prefix_path.ps1'
[3.164s] INFO:colcon.colcon_core.shell:Creating environment descriptor '/home/rose2025/ros2_ws/install/usb_camera_pkg/share/usb_camera_pkg/hook/cmake_prefix_path.dsv'
[3.167s] INFO:colcon.colcon_core.shell:Creating environment hook '/home/rose2025/ros2_ws/install/usb_camera_pkg/share/usb_camera_pkg/hook/cmake_prefix_path.sh'
[3.172s] Level 1:colcon.colcon_core.environment:checking '/home/rose2025/ros2_ws/install/usb_camera_pkg/bin'
[3.172s] Level 1:colcon.colcon_core.environment:checking '/home/rose2025/ros2_ws/install/usb_camera_pkg/lib/pkgconfig/usb_camera_pkg.pc'
[3.173s] Level 1:colcon.colcon_core.environment:checking '/home/rose2025/ros2_ws/install/usb_camera_pkg/lib/python3.10/site-packages'
[3.174s] Level 1:colcon.colcon_core.environment:checking '/home/rose2025/ros2_ws/install/usb_camera_pkg/bin'
[3.175s] INFO:colcon.colcon_core.shell:Creating package script '/home/rose2025/ros2_ws/install/usb_camera_pkg/share/usb_camera_pkg/package.ps1'
[3.180s] INFO:colcon.colcon_core.shell:Creating package descriptor '/home/rose2025/ros2_ws/install/usb_camera_pkg/share/usb_camera_pkg/package.dsv'
[3.183s] INFO:colcon.colcon_core.shell:Creating package script '/home/rose2025/ros2_ws/install/usb_camera_pkg/share/usb_camera_pkg/package.sh'
[3.187s] INFO:colcon.colcon_core.shell:Creating package script '/home/rose2025/ros2_ws/install/usb_camera_pkg/share/usb_camera_pkg/package.bash'
[3.192s] INFO:colcon.colcon_core.shell:Creating package script '/home/rose2025/ros2_ws/install/usb_camera_pkg/share/usb_camera_pkg/package.zsh'
[3.197s] Level 1:colcon.colcon_core.environment:create_file_with_runtime_dependencies(/home/rose2025/ros2_ws/install/usb_camera_pkg/share/colcon-core/packages/usb_camera_pkg)
[3.313s] Level 1:colcon.colcon_core.environment:create_environment_scripts_only(usb_camera_pkg)
[3.315s] Level 1:colcon.colcon_core.environment:checking '/home/rose2025/ros2_ws/install/usb_camera_pkg' for CMake module files
[3.317s] Level 1:colcon.colcon_core.environment:checking '/home/rose2025/ros2_ws/install/usb_camera_pkg' for CMake config files
[3.319s] Level 1:colcon.colcon_core.shell:create_environment_hook('usb_camera_pkg', 'cmake_prefix_path')
[3.320s] INFO:colcon.colcon_core.shell:Creating environment hook '/home/rose2025/ros2_ws/install/usb_camera_pkg/share/usb_camera_pkg/hook/cmake_prefix_path.ps1'
[3.326s] INFO:colcon.colcon_core.shell:Creating environment descriptor '/home/rose2025/ros2_ws/install/usb_camera_pkg/share/usb_camera_pkg/hook/cmake_prefix_path.dsv'
[3.328s] INFO:colcon.colcon_core.shell:Creating environment hook '/home/rose2025/ros2_ws/install/usb_camera_pkg/share/usb_camera_pkg/hook/cmake_prefix_path.sh'
[3.332s] Level 1:colcon.colcon_core.environment:checking '/home/rose2025/ros2_ws/install/usb_camera_pkg/bin'
[3.333s] Level 1:colcon.colcon_core.environment:checking '/home/rose2025/ros2_ws/install/usb_camera_pkg/lib/pkgconfig/usb_camera_pkg.pc'
[3.334s] Level 1:colcon.colcon_core.environment:checking '/home/rose2025/ros2_ws/install/usb_camera_pkg/lib/python3.10/site-packages'
[3.334s] Level 1:colcon.colcon_core.environment:checking '/home/rose2025/ros2_ws/install/usb_camera_pkg/bin'
[3.336s] INFO:colcon.colcon_core.shell:Creating package script '/home/rose2025/ros2_ws/install/usb_camera_pkg/share/usb_camera_pkg/package.ps1'
[3.338s] INFO:colcon.colcon_core.shell:Creating package descriptor '/home/rose2025/ros2_ws/install/usb_camera_pkg/share/usb_camera_pkg/package.dsv'
[3.341s] INFO:colcon.colcon_core.shell:Creating package script '/home/rose2025/ros2_ws/install/usb_camera_pkg/share/usb_camera_pkg/package.sh'
[3.344s] INFO:colcon.colcon_core.shell:Creating package script '/home/rose2025/ros2_ws/install/usb_camera_pkg/share/usb_camera_pkg/package.bash'
[3.348s] INFO:colcon.colcon_core.shell:Creating package script '/home/rose2025/ros2_ws/install/usb_camera_pkg/share/usb_camera_pkg/package.zsh'
[3.350s] Level 1:colcon.colcon_core.environment:create_file_with_runtime_dependencies(/home/rose2025/ros2_ws/install/usb_camera_pkg/share/colcon-core/packages/usb_camera_pkg)
[3.352s] DEBUG:colcon.colcon_parallel_executor.executor.parallel:closing loop
[3.353s] DEBUG:colcon.colcon_parallel_executor.executor.parallel:loop closed
[3.353s] DEBUG:colcon.colcon_parallel_executor.executor.parallel:run_until_complete finished with '0'
[3.354s] DEBUG:colcon.colcon_core.event_reactor:joining thread
[3.383s] INFO:colcon.colcon_core.plugin_system:Skipping extension 'colcon_notification.desktop_notification.terminal_notifier': Not used on non-Darwin systems
[3.383s] INFO:colcon.colcon_core.plugin_system:Skipping extension 'colcon_notification.desktop_notification.win32': Not used on non-Windows systems
[3.384s] INFO:colcon.colcon_notification.desktop_notification:Sending desktop notification using 'notify2'
[3.499s] DEBUG:colcon.colcon_core.event_reactor:joined thread
[3.500s] INFO:colcon.colcon_core.shell:Creating prefix script '/home/rose2025/ros2_ws/install/local_setup.ps1'
[3.508s] INFO:colcon.colcon_core.shell:Creating prefix util module '/home/rose2025/ros2_ws/install/_local_setup_util_ps1.py'
[3.516s] INFO:colcon.colcon_core.shell:Creating prefix chain script '/home/rose2025/ros2_ws/install/setup.ps1'
[3.524s] INFO:colcon.colcon_core.shell:Creating prefix script '/home/rose2025/ros2_ws/install/local_setup.sh'
[3.528s] INFO:colcon.colcon_core.shell:Creating prefix util module '/home/rose2025/ros2_ws/install/_local_setup_util_sh.py'
[3.532s] INFO:colcon.colcon_core.shell:Creating prefix chain script '/home/rose2025/ros2_ws/install/setup.sh'
[3.538s] INFO:colcon.colcon_core.shell:Creating prefix script '/home/rose2025/ros2_ws/install/local_setup.bash'
[3.542s] INFO:colcon.colcon_core.shell:Creating prefix chain script '/home/rose2025/ros2_ws/install/setup.bash'
[3.549s] INFO:colcon.colcon_core.shell:Creating prefix script '/home/rose2025/ros2_ws/install/local_setup.zsh'
[3.554s] INFO:colcon.colcon_core.shell:Creating prefix chain script '/home/rose2025/ros2_ws/install/setup.zsh'
